<?xml version="1.0" encoding="UTF-8" ?>
<testsuite tests="1" failures="1" name="Runners.TestRunner" time="20.774" errors="0" skipped="0">
  <properties>
[...]
</properties>
  <testcase classname="Runners.TestRunner" name="feature" time="20.774">
    <failure message="java.lang.AssertionError" type="cucumber.runtime.CucumberException">cucumber.runtime.CucumberException: java.lang.AssertionError
	at cucumber.api.testng.TestNGCucumberRunner.runCucumber(TestNGCucumberRunner.java:69)
	at cucumber.api.testng.AbstractTestNGCucumberTests.feature(AbstractTestNGCucumberTests.java:21)
	at sun.reflect.NativeMethodAccessorImpl.invoke0(Native Method)
	at sun.reflect.NativeMethodAccessorImpl.invoke(Unknown Source)
	at sun.reflect.DelegatingMethodAccessorImpl.invoke(Unknown Source)
	at java.lang.reflect.Method.invoke(Unknown Source)
	at org.testng.internal.MethodInvocationHelper.invokeMethod(MethodInvocationHelper.java:108)
	at org.testng.internal.Invoker.invokeMethod(Invoker.java:661)
	at org.testng.internal.Invoker.invokeTestMethod(Invoker.java:869)
	at org.testng.internal.Invoker.invokeTestMethods(Invoker.java:1193)
	at org.testng.internal.TestMethodWorker.invokeTestMethods(TestMethodWorker.java:126)
	at org.testng.internal.TestMethodWorker.run(TestMethodWorker.java:109)
	at org.testng.TestRunner.privateRun(TestRunner.java:744)
	at org.testng.TestRunner.run(TestRunner.java:602)
	at org.testng.SuiteRunner.runTest(SuiteRunner.java:380)
	at org.testng.SuiteRunner.runSequentially(SuiteRunner.java:375)
	at org.testng.SuiteRunner.privateRun(SuiteRunner.java:340)
	at org.testng.SuiteRunner.run(SuiteRunner.java:289)
	at org.testng.SuiteRunnerWorker.runSuite(SuiteRunnerWorker.java:52)
	at org.testng.SuiteRunnerWorker.run(SuiteRunnerWorker.java:86)
	at org.testng.TestNG.runSuitesSequentially(TestNG.java:1301)
	at org.testng.TestNG.runSuitesLocally(TestNG.java:1226)
	at org.testng.TestNG.runSuites(TestNG.java:1144)
	at org.testng.TestNG.run(TestNG.java:1115)
	at org.apache.maven.surefire.testng.TestNGExecutor.run(TestNGExecutor.java:77)
	at org.apache.maven.surefire.testng.TestNGDirectoryTestSuite.execute(TestNGDirectoryTestSuite.java:110)
	at org.apache.maven.surefire.testng.TestNGProvider.invoke(TestNGProvider.java:106)
	at sun.reflect.NativeMethodAccessorImpl.invoke0(Native Method)
	at sun.reflect.NativeMethodAccessorImpl.invoke(Unknown Source)
	at sun.reflect.DelegatingMethodAccessorImpl.invoke(Unknown Source)
	at java.lang.reflect.Method.invoke(Unknown Source)
	at org.apache.maven.surefire.util.ReflectionUtils.invokeMethodWithArray(ReflectionUtils.java:189)
	at org.apache.maven.surefire.booter.ProviderFactory$ProviderProxy.invoke(ProviderFactory.java:165)
	at org.apache.maven.surefire.booter.ProviderFactory.invokeProvider(ProviderFactory.java:85)
	at org.apache.maven.surefire.booter.ForkedBooter.runSuitesInProcess(ForkedBooter.java:115)
	at org.apache.maven.surefire.booter.ForkedBooter.main(ForkedBooter.java:75)
Caused by: java.lang.AssertionError
	at org.junit.Assert.fail(Assert.java:86)
	at org.junit.Assert.assertTrue(Assert.java:41)
	at org.junit.Assert.assertTrue(Assert.java:52)
	at StepDef.StepDefinition.homepage(StepDefinition.java:51)
	at ✽.Given user lands on yelp home page(src/test/Resources/featureFiles/BootCa.feature:7)
Caused by: java.lang.AssertionError
	at org.junit.Assert.fail(Assert.java:86)
	at org.junit.Assert.assertTrue(Assert.java:41)
	at org.junit.Assert.assertTrue(Assert.java:52)
	at StepDef.StepDefinition.homepage(StepDefinition.java:51)
	at ✽.Given user lands on yelp home page(src/test/Resources/featureFiles/BootCa.feature:7)
</failure>
    <system-out>Configuring TestNG with: org.apache.maven.surefire.testng.conf.TestNG652Configurator@2db0f6b2
Feature: signup for yelp account
  As anew yelp user 
       I should be able to sign up

  @Smoke
  Scenario Outline: cheking yelp signup functionality &amp;#27;[90m# src/test/Resources/featureFiles/BootCa.feature:6&amp;#27;[0m
    &amp;#27;[36mGiven &amp;#27;[0m&amp;#27;[36muser lands on yelp home page&amp;#27;[0m
    &amp;#27;[36mThen &amp;#27;[0m&amp;#27;[36mClick on Signup button&amp;#27;[0m
    &amp;#27;[36mThen &amp;#27;[0m&amp;#27;[36muser enter &quot;&lt;firstname&gt;&quot; &quot;&lt;value&gt;&quot;&amp;#27;[0m
    &amp;#27;[36mThen &amp;#27;[0m&amp;#27;[36muser enter &quot;&lt;lastname&gt;&quot; &quot;&lt;value2&gt;&quot;&amp;#27;[0m
    &amp;#27;[36mThen &amp;#27;[0m&amp;#27;[36muser enter &quot;&lt;emai&gt;&quot; &quot;&lt;value3&gt;&quot;&amp;#27;[0m
    &amp;#27;[36mThen &amp;#27;[0m&amp;#27;[36muser enter &quot;&lt;pass&gt;&quot; &quot;&lt;value4&gt;&quot;&amp;#27;[0m
    &amp;#27;[36mThen &amp;#27;[0m&amp;#27;[36muser enter &quot;&lt;zip&gt;&quot; &quot;&lt;value5&gt;&quot;&amp;#27;[0m
    &amp;#27;[36mThen &amp;#27;[0m&amp;#27;[36muser select month&amp;#27;[0m
    &amp;#27;[36mThen &amp;#27;[0m&amp;#27;[36muser select date&amp;#27;[0m
    &amp;#27;[36mThen &amp;#27;[0m&amp;#27;[36muser select year&amp;#27;[0m
    &amp;#27;[36mThen &amp;#27;[0m&amp;#27;[36mClick on Signup buttonn&amp;#27;[0m

    #	Then get all links
    #	Then user take screenshot
    #
    Examples: 
this is before class
the title of the page isRestaurants, Dentists, Bars, Beauty Salons, Doctors - Yelp
&amp;#27;[34mFinished scenario&amp;#27;[0m

  @Smoke
  Scenario Outline: cheking yelp signup functionality &amp;#27;[90m# src/test/Resources/featureFiles/BootCa.feature:25&amp;#27;[0m
    &amp;#27;[31mGiven &amp;#27;[0m&amp;#27;[31muser lands on yelp home page&amp;#27;[0m                &amp;#27;[90m# StepDefinition.homepage()&amp;#27;[0m
      &amp;#27;[31mjava.lang.AssertionError
      	at org.junit.Assert.fail(Assert.java:86)
      	at org.junit.Assert.assertTrue(Assert.java:41)
      	at org.junit.Assert.assertTrue(Assert.java:52)
      	at StepDef.StepDefinition.homepage(StepDefinition.java:51)
      	at ?.Given user lands on yelp home page(src/test/Resources/featureFiles/BootCa.feature:7)
      &amp;#27;[0m
    &amp;#27;[36mThen &amp;#27;[0m&amp;#27;[36mClick on Signup button&amp;#27;[0m                       &amp;#27;[90m# StepDefinition.click_on_signup()&amp;#27;[0m
    &amp;#27;[36mThen &amp;#27;[0m&amp;#27;[36muser enter &quot;&amp;#27;[0m&amp;#27;[36m&amp;#27;[1mfirstn&amp;#27;[0m&amp;#27;[36m&quot; &quot;&amp;#27;[0m&amp;#27;[36m&amp;#27;[1mBantamelak&amp;#27;[0m&amp;#27;[36m&quot;&amp;#27;[0m             &amp;#27;[90m# StepDefinition.enter_all_credential(String,String)&amp;#27;[0m
    &amp;#27;[36mThen &amp;#27;[0m&amp;#27;[36muser enter &quot;&amp;#27;[0m&amp;#27;[36m&amp;#27;[1mlastna&amp;#27;[0m&amp;#27;[36m&quot; &quot;&amp;#27;[0m&amp;#27;[36m&amp;#27;[1mTafete&amp;#27;[0m&amp;#27;[36m&quot;&amp;#27;[0m                 &amp;#27;[90m# StepDefinition.enter_all_credential(String,String)&amp;#27;[0m
    &amp;#27;[36mThen &amp;#27;[0m&amp;#27;[36muser enter &quot;&amp;#27;[0m&amp;#27;[36m&amp;#27;[1memail&amp;#27;[0m&amp;#27;[36m&quot; &quot;&amp;#27;[0m&amp;#27;[36m&amp;#27;[1mBanatamelak@gmail.com&amp;#27;[0m&amp;#27;[36m&quot;&amp;#27;[0m   &amp;#27;[90m# StepDefinition.enter_all_credential(String,String)&amp;#27;[0m
    &amp;#27;[36mThen &amp;#27;[0m&amp;#27;[36muser enter &quot;&amp;#27;[0m&amp;#27;[36m&amp;#27;[1mpassword&amp;#27;[0m&amp;#27;[36m&quot; &quot;&amp;#27;[0m&amp;#27;[36m&amp;#27;[1mfasika2112&amp;#27;[0m&amp;#27;[36m&quot;&amp;#27;[0m           &amp;#27;[90m# StepDefinition.enter_all_credential(String,String)&amp;#27;[0m
    &amp;#27;[36mThen &amp;#27;[0m&amp;#27;[36muser enter &quot;&amp;#27;[0m&amp;#27;[36m&amp;#27;[1mzipp&amp;#27;[0m&amp;#27;[36m&quot; &quot;&amp;#27;[0m&amp;#27;[36m&amp;#27;[1m20887&amp;#27;[0m&amp;#27;[36m&quot;&amp;#27;[0m                    &amp;#27;[90m# StepDefinition.enter_all_credential(String,String)&amp;#27;[0m
    &amp;#27;[36mThen &amp;#27;[0m&amp;#27;[36muser select month&amp;#27;[0m                            &amp;#27;[90m# StepDefinition.month()&amp;#27;[0m
    &amp;#27;[36mThen &amp;#27;[0m&amp;#27;[36muser select date&amp;#27;[0m                             &amp;#27;[90m# StepDefinition.day()&amp;#27;[0m
    &amp;#27;[36mThen &amp;#27;[0m&amp;#27;[36muser select year&amp;#27;[0m                             &amp;#27;[90m# StepDefinition.year()&amp;#27;[0m
    &amp;#27;[36mThen &amp;#27;[0m&amp;#27;[36mClick on Signup buttonn&amp;#27;[0m                      &amp;#27;[90m# StepDefinition.click_on_signupp()&amp;#27;[0m
</system-out>
    <system-err>Starting ChromeDriver 2.38.552522 (437e6fbedfa8762dec75e2c5b3ddb86763dc9dcb) on port 10383
Only local connections are allowed.
Apr 01, 2019 11:51:37 AM org.openqa.selenium.remote.ProtocolHandshake createSession
INFO: Detected dialect: OSS
</system-err>
  </testcase>
</testsuite>